$9 = {
     next = 0x7fffb4009928,
     prev = 0x0,
     easy_conn = 0x0,
     mstate = CURLM_STATE_CONNECT_PEND,
     result = CURLE_OK,
     msg = {extmsg = {msg = CURLMSG_NONE, easy_handle = 0x0, data = {whatever = 0x0, result = CURLE_OK}}},
     sockets = {0,0,0,0,0},
     numsocks = 0,
     dns = {hostcache = 0x6ecd18, hostcachetype = HCACHE_MULTI},
     multi = 0x6eccc8,
     multi_easy = 0x0,
     share = 0x0,
     req = {
           size = 0,
           bytecountp = 0x0,
           maxdownload = -1,
           writebytecountp = 0x0,
           bytecount = 0,
           writebytecount = 0,
           headerbytecount = 0,
           deductheadercount = 0,
           start = {tv_sec = 0, tv_usec = 0},
           now = {tv_sec = 0,tv_usec = 0},
           header = false,
           badheader = HEADER_NORMAL,
           headerline = 0,
           hbufp = 0x0,
           hbuflen = 0,
           str = 0x0,
           str_start = 0x0,
           end_ptr = 0x0,
           p = 0x0,
           content_range = false,
           offset = 0,
           httpcode = 0,
           start100 = {tv_sec = 0,tv_usec = 0},
           exp100 = EXP100_SEND_DATA,
           upgr101 = UPGR101_INIT,
           auto_decoding = 0,
           zlib_init = ZLIB_UNINIT,
           z = {
               next_in = 0x0,
               avail_in = 0,
               total_in = 0,
               next_out = 0x0,
               avail_out = 0,
               total_out = 0,
               msg = 0x0,
               state = 0x0,
               zalloc = 0x0,
               zfree = 0x0,
               opaque = 0x0,
               data_type = 0,
               adler = 0,
               reserved = 0
           },
           timeofdoc = 0,
           bodywrites = 0,
           buf = 0x0,
           uploadbuf = 0x0,
           maxfd = 0,
           keepon = 0,
           upload_done = false,
           ignorebody = false,
           ignorecl = false,
           location = 0x0,
           newurl = 0x0,
           upload_present = 0,
           upload_fromhere = 0x0,
           chunk = false,
           upload_chunky = false,
           getheader = false,
           forbidchunk = false,
           protop = 0x7fffac001358
       },
       set = {
             err = 0x7ffff4271540 <_IO_2_1_stderr_>,
             debugdata = 0x0,
             errorbuffer = 0x0,
             proxyport = 1080,
             out = 0x7fffc00008c0,
             in_set = 0x7ffff42708e0 <_IO_2_1_stdin_>,
             writeheader = 0x0,
             rtp_out = 0x0,
             use_port = 0,
             httpauth = 1,
             proxyauth = 1,
             followlocation = 0,
             maxredirs = -1,
             keep_post = 0,
             free_referer = false,
             postfields = 0x0,
             seek_func = 0x0,
             postfieldsize = -1,
             localport = 0,
             localportrange = 0,
             fwrite_func = 0x7ffff7b86de0
             <dash::network::AbstractChunk::CurlResponseCallback(void*,unsigned long,unsigned long,void*)>,
             fwrite_header = 0x0,
             fwrite_rtp = 0x0,
             fread_func_set = 0x7ffff3f1b0e0 <__GI__IO_fread>,
             is_fread_set = 0,
             is_fwrite_set = 1,
             fprogress = 0x0,
             fxferinfo = 0x0,
             fdebug = 0x0,
             ioctl_func = 0x0,
             fsockopt = 0x0,
             sockopt_client = 0x0,
             fopensocket = 0x0,
             opensocket_client = 0x0,
             fclosesocket = 0x0,
             closesocket_client = 0x0,
             seek_client = 0x0,
             convfromnetwork = 0x0,
             convtonetwork = 0x0,
             convfromutf8 = 0x0,
             progress_client = 0x0,
             ioctl_client = 0x0,
             timeout = 0,
             connecttimeout = 0,
             accepttimeout = 0,
             server_response_timeout = 0,
             tftp_blksize = 0,
             tftp_no_options = false,
             filesize = -1,
             low_speed_limit = 0,
             low_speed_time = 0,
             max_send_speed = 0,
             max_recv_speed = 0,
             set_resume_from = 0,
             headers = 0x0,
             proxyheaders = 0x0,
             httppost = 0x0,
             sep_headers = true,
             cookiesession = false,
             crlf = false,
             quote = 0x0,
             postquote = 0x0,
             prequote = 0x0,
             source_quote = 0x0,
             source_prequote = 0x0,
             source_postquote = 0x0,
             telnet_options = 0x0,
             resolve = 0x0,
             connect_to = 0x0,
             timecondition = CURL_TIMECOND_NONE,
             timevalue = 0,
             httpreq = HTTPREQ_GET,
             httpversion = 5,
             ssl = {
                   version = 0,
                   certverifyresult = 0,
                   verifypeer = false,
                   verifyhost = false,
                   verifystatus = false,
                   CApath = 0x0,
                   CAfile = 0x7fffb4009718 "/etc/ssl/certs/ca-certificates.crt",
                   CRLfile = 0x0,
                   issuercert = 0x0,
                   random_file = 0x0,
                   egdsocket = 0x0,
                   cipher_list = 0x0,
                   max_ssl_sessions = 5,
                   fsslctx = 0x0,
                   fsslctxp = 0x0,
                   sessionid = true,
                   certinfo = false,
                   falsestart = false,
                   username = 0x0,
                   password = 0x0,
                   authtype = CURL_TLSAUTH_NONE
                   },
             proxytype = CURLPROXY_HTTP,
             dns_cache_timeout = 60,
             buffer_size = 0,
             private_data = 0x0,
             http200aliases = 0x0,
             ipver = 0,
             max_filesize = 0,
             ftp_filemethod = FTPFILE_MULTICWD,
             ftp_create_missing_dirs = 0,
             ssh_keyfunc = 0x0,
             ssh_keyfunc_userp = 0x0,
             printhost = false,
             get_filetime = false,
             tunnel_thru_httpproxy = false,
             prefer_ascii = false,
             ftp_append = false,
             ftp_list_only = false,
             ftp_use_port = false,
             hide_progress = true,
             http_fail_on_error = false,
             http_follow_location = false,
             http_transfer_encoding = false,
             http_disable_hostname_check_before_authentication = false,
             include_header = false,
             http_set_referer = false,
             http_auto_referer = false,
             opt_no_body = false,
             upload = false,
             use_netrc = CURL_NETRC_IGNORED,
             verbose = false,
             krb = false,
             reuse_forbid = false,
             reuse_fresh = false,
             ftp_use_epsv = true,
             ftp_use_eprt = true,
             ftp_use_pret = false,
             use_ssl = CURLUSESSL_NONE,
             ftpsslauth = CURLFTPAUTH_DEFAULT,
             ftp_ccc = CURLFTPSSL_CCC_NONE,
             no_signal = false,
             global_dns_cache = false,
             tcp_nodelay = false,
             ignorecl = false,
             ftp_skip_ip = false,
             connect_only = false,
             ssl_enable_beast = false,
             ssl_no_revoke = false,
             ssh_auth_types = -1,
             http_te_skip = false,
             http_ce_skip = false,
             new_file_perms = 420,
             new_directory_perms = 493,
             proxy_transfer_mode = false,
             str = {
                   0x0 <repeats 19 times>,0x7fffb40097b8 "https://localhost:8444/bunny/bunny_2s_100kbit/bunny_480_100kbit_dash.mp4",
                   0x0,0x7fffb4009718 "/etc/ssl/certs/ca-certificates.crt",0x0 <repeats 25 times>
                   },
             scope_id = 0,
             allowed_protocols = -1,
             redir_protocols = -201327633,
             mail_rcpt = 0x0,
             sasl_ir = false,
             rtspreq = RTSPREQ_OPTIONS,
             rtspversion = 0,
             wildcardmatch = false,
             chunk_bgn = 0x0,
             chunk_end = 0x0,
             fnmatch = 0x0,
             fnmatch_data = 0x0,
             gssapi_delegation = 0,
             tcp_keepalive = false,
             tcp_keepidle = 60,
             tcp_keepintvl = 60,
             tcp_fastopen = false,
             maxconnects = 5,
             ssl_enable_npn = true,
             ssl_enable_alpn = true,
             path_as_is = false,
             pipewait = true,
             expect_100_timeout = 1000,
             stream_depends_on = 0x0,
             stream_depends_e = false,
             stream_weight = 16
             },
       change = {
                url = 0x7fffb40097b8 "https://localhost:8444/bunny/bunny_2s_100kbit/bunny_480_100kbit_dash.mp4",
                url_alloc = false,
                referer = 0x0,
                referer_alloc = false,
                cookielist = 0x0,
                resolve = 0x0
                },
       cookies = 0x0,
       progress = {
                  lastshow = 0,
                  size_dl = 0,
                  size_ul = 0,
                  downloaded = 0,
                  uploaded = 0,
                  current_speed = 0,
                  callback = false,
                  width = 0,
                  flags = 16,
                  timespent = 0,
                  dlspeed = 0,
                  ulspeed = 0,
                  t_nslookup = 0.00051699999999999999,
                  t_connect = 0,
                  t_appconnect = 0,
                  t_pretransfer = 0,
                  t_starttransfer = 0,
                  t_redirect = 0,
                  start = {tv_sec = 68304,tv_usec = 89730},
                  t_startsingle = {tv_sec = 68304,tv_usec = 89762},
                  t_startop = {tv_sec = 68304,tv_usec = 89733},
                  t_acceptdata = {tv_sec = 0,tv_usec = 0},
                  speeder = {0,0,0,0,0,0},
                  speeder_time = {
                                 {tv_sec = 0,tv_usec = 0},{tv_sec = 0,tv_usec = 0},
                                 {tv_sec = 0,tv_usec = 0},{tv_sec = 0,tv_usec = 0},
                                 {tv_sec = 0,tv_usec = 0},{tv_sec = 0,tv_usec = 0}
                                 },
                  speeder_c = 0
                  },
       state = {
               conn_cache = 0x6ecd90,
               multi_owned_by_easy = false,
               keeps_speed = {tv_sec = 0,tv_usec = 0},
               lastconnect = 0x0,
               headerbuff = 0x7fffb40095f8 "",
               headersize = 256,
               buffer = '\000' <repeats 16384 times>,
               uploadbuffer = '\000' <repeats 16384 times>,
               current_speed = -1,
               this_is_a_follow = false,
               first_host = 0x0,
               first_remote_port = 0,
               session = 0x7fffb4012878,
               sessionage = 1,
               tempwrite = 0x0,
               tempwritesize = 0,
               tempwritetype = 0,
               scratch = 0x0,
               errorbuf = false,
               os_errno = 0,
               prev_signal = 0x0,
               allow_port = true,
               digest = {nonce = 0x0,cnonce = 0x0,realm = 0x0,algo = 0,stale = false,opaque = 0x0,qop = 0x0,algorithm = 0x0,nc = 0},
               proxydigest = {nonce = 0x0,cnonce = 0x0,realm = 0x0,algo = 0,stale = false,opaque = 0x0,qop = 0x0,algorithm = 0x0,nc = 0},
               authhost = {want = 1,picked = 0,avail = 0,done = false,multi = false,iestyle = false},
               authproxy = {want = 1,picked = 0,avail = 0,done = false,multi = false,iestyle = false},
               authproblem = false,
               resolver = 0x0,
               engine = 0x0,
               expiretime = {tv_sec = 68304,tv_usec = 90623},
               timenode = {smaller = 0x0,larger = 0x7fffb40123e8,same = 0x0,key = {tv_sec = 68304,tv_usec = 90623},payload = 0x7fffb4000928},
               timeoutlist = 0x7fffb4009828,
               most_recent_ftp_entrypath = 0x0,
               ftp_trying_alternative = false,
               httpversion = 0,
               expect100header = false,
               pipe_broke = false,
               prev_block_had_trailing_cr = false,
               crlf_conversions = 0,
               pathbuffer = 0x7fffac000fd8 "/bunny/bunny_2s_100kbit/bunny_480_100kbit_dash.mp4",
               path = 0x7fffac000fd8 "/bunny/bunny_2s_100kbit/bunny_480_100kbit_dash.mp4",
               slash_removed = false,
               use_range = false,
               rangestringalloc = false,
               range = 0x0,
               resume_from = 0,
               rtsp_next_client_CSeq = 0,
               rtsp_next_server_CSeq = 0,
               rtsp_CSeq_recv = 0,
               infilesize = -1,
               drain = 0,
               done = false,
               fread_func = 0x7ffff3f1b0e0 <__GI__IO_fread>,
               in = 0x7ffff42708e0 <_IO_2_1_stdin_>,
               stream_depends_on = 0x0,
               stream_depends_e = false,
               stream_weight = 16
               },
       wildcard = {
                  state = CURLWC_INIT,
                  path = 0x0,
                  pattern = 0x0,
                  filelist = 0x0,
                  tmp = 0x0,
                  tmp_dtor = 0x0,
                  customptr = 0x0
                  },
       info = {
              httpcode = 0,
              httpproxycode = 0,
              httpversion = 0,
              filetime = -1,
              timecond = false,
              header_size = 0,
              request_size = 0,
              proxyauthavail = 0,
              httpauthavail = 0,
              numconnects = 0,
              contenttype = 0x0,
              wouldredirect = 0x0,
              conn_primary_ip = '\000' <repeats 45 times>,
              conn_primary_port = 0,
              conn_local_ip = '\000' <repeats 45 times>,
              conn_local_port = 0,
              certs = {num_of_certs = 0,certinfo = 0x0}
              },
       tsi = {
             backend = CURLSSLBACKEND_NONE,
             internals = 0x0
             },
       magic = 3235830701
     }
